<?xml version="1.0" encoding="UTF-8"?>
<!-- Generated by org.testng.reporters.JUnitXMLReporter -->
<testsuite ignored="0" hostname="yashmani" failures="0" tests="1" name="Test" time="15.643" errors="0" timestamp="2022-12-13T19:18:30 IST">
  <testcase classname="Base.BaseTest" name="@AfterMethod tearDown" time="0.001">
    <failure type="java.lang.ClassCastException" message="class Driver.DriverScript cannot be cast to class com.aventstack.extentreports.ExtentReports (Driver.DriverScript and com.aventstack.extentreports.ExtentReports are in unnamed module of loader &amp;apos;app&amp;apos;)">
      <![CDATA[java.lang.ClassCastException: class Driver.DriverScript cannot be cast to class com.aventstack.extentreports.ExtentReports (Driver.DriverScript and com.aventstack.extentreports.ExtentReports are in unnamed module of loader 'app')
at Base.BaseTest.tearDown(BaseTest.java:54)
at java.base/java.util.ArrayList.forEach(ArrayList.java:1511)
... Removed 32 stack frames]]>
    </failure>
  </testcase> <!-- @AfterMethod tearDown -->
  <testcase classname="Base.BaseTest" name="@AfterTest afterTest" time="0.003">
    <failure type="java.lang.ClassCastException" message="class Driver.DriverScript cannot be cast to class com.aventstack.extentreports.ExtentReports (Driver.DriverScript and com.aventstack.extentreports.ExtentReports are in unnamed module of loader &amp;apos;app&amp;apos;)">
      <![CDATA[java.lang.ClassCastException: class Driver.DriverScript cannot be cast to class com.aventstack.extentreports.ExtentReports (Driver.DriverScript and com.aventstack.extentreports.ExtentReports are in unnamed module of loader 'app')
at Base.BaseTest.afterTest(BaseTest.java:61)
... Removed 24 stack frames]]>
    </failure>
  </testcase> <!-- @AfterTest afterTest -->
  <testcase classname="testcases.ValidateLogin" name="validateLoginTest" time="15.281"/>
</testsuite> <!-- Test -->
